<?xml version="1.0" encoding="UTF-8"?>
<!-- Generated by org.testng.reporters.JUnitReportReporter -->
<testsuite name="HibernateTest.NewTest" tests="1" failures="0" timestamp="11 Aug 2014 12:55:38 GMT" time="3.298" errors="0">
  <testcase name="f" time="3.298" classname="HibernateTest.NewTest"/>
</testsuite> <!-- HibernateTest.NewTest -->
