<?xml version="1.0" encoding="UTF-8"?>
<!-- Generated by org.testng.reporters.JUnitReportReporter -->
<testsuite hostname="Ngocs-MacBook-Pro.local" name="HibernateTest.NewTest" tests="1" failures="0" timestamp="12 Aug 2014 05:17:39 GMT" time="3.384" errors="0">
  <testcase name="f" time="3.384" classname="HibernateTest.NewTest"/>
</testsuite> <!-- HibernateTest.NewTest -->
